C51 COMPILER V9.60.7.0   EMOTIONS                                                          05/13/2024 20:16:24 PAGE 1   


C51 COMPILER V9.60.7.0, COMPILATION OF MODULE EMOTIONS
OBJECT MODULE PLACED IN .\Objects\emotions.obj
COMPILER INVOKED BY: D:\keil5\C51\BIN\C51.EXE emotions.c OPTIMIZE(8,SPEED) BROWSE DEBUG OBJECTEXTEND PRINT(.\Listings\em
                    -otions.lst) TABS(3) OBJECT(.\Objects\emotions.obj)

line level    source

   1          #include <car.h>
   2          
   3          void wary(void)
   4          { 
   5   1            run();      
   6   1      
   7   1            while(Light==0)
   8   1            {
   9   2               stop();
  10   2            }
  11   1      } 
  12          
  13          void indecisive(void)
  14          { 
  15   1            if(Light==0)
  16   1            {
  17   2               back();
  18   2            }
  19   1            else
  20   1            {
  21   2               run();
  22   2            }
  23   1      } 
  24          
  25          void paranoid(void)
  26          { 
  27   1            run();      
  28   1      
  29   1            if(Light==0)
  30   1            {
  31   2               rotate();
  32   2               delay1s(); delay1s(); delay1s(); delay1s(); delay1s(); 
  33   2               stop();
  34   2               run();
  35   2               delay1s();  
  36   2            }
  37   1      } 
  38          
  39          void insecure(void)
  40          {
  41   1            if(Light==0)
  42   1            {
  43   2               rotate();
  44   2            }
  45   1            else
  46   1            {
  47   2               run();
  48   2            }
  49   1      } 
  50          
  51          void obsessive(void)
  52          {
  53   1            if(Light==0)
  54   1            {
C51 COMPILER V9.60.7.0   EMOTIONS                                                          05/13/2024 20:16:24 PAGE 2   

  55   2               back();
  56   2               while(back_Light==1)
  57   2               {
  58   3                  back();
  59   3               }
  60   2            }
  61   1            run();
  62   1      } 
*** WARNING C316 IN LINE 62 OF emotions.c: unterminated conditionals


MODULE INFORMATION:   STATIC OVERLAYABLE
   CODE SIZE        =     82    ----
   CONSTANT SIZE    =   ----    ----
   XDATA SIZE       =   ----    ----
   PDATA SIZE       =   ----    ----
   DATA SIZE        =   ----    ----
   IDATA SIZE       =   ----    ----
   BIT SIZE         =   ----    ----
END OF MODULE INFORMATION.


C51 COMPILATION COMPLETE.  1 WARNING(S),  0 ERROR(S)
