C51 COMPILER V9.60.7.0   MAIN                                                              05/13/2024 20:16:25 PAGE 1   


C51 COMPILER V9.60.7.0, COMPILATION OF MODULE MAIN
OBJECT MODULE PLACED IN .\Objects\main.obj
COMPILER INVOKED BY: D:\keil5\C51\BIN\C51.EXE main.c OPTIMIZE(8,SPEED) BROWSE DEBUG OBJECTEXTEND PRINT(.\Listings\main.l
                    -st) TABS(3) OBJECT(.\Objects\main.obj)

line level    source

   1          #include <car.h>
   2          
   3          extern unsigned char Left_Speed_Ratio;
   4          extern unsigned char Right_Speed_Ratio;
   5          unsigned int time=0; 
   6          extern unsigned char pwm_val_left;
   7          extern unsigned char pwm_val_right;
   8          
   9          void delay1s(void)   
  10          {
  11   1          unsigned char a,b,c;
  12   1          for(c=167;c>0;c--)
  13   1              for(b=171;b>0;b--)
  14   1                  for(a=16;a>0;a--);
  15   1          _nop_();  
  16   1      }
  17          
  18          void Timer0Init()
  19          {
  20   1         TMOD|=0X01;//选择为定时器0模式，工作方式1，仅用TR0打开启动。
  21   1      
  22   1         TH0=0XFC;   //给定时器赋初值，定时1ms
  23   1         TL0=0X18;   
  24   1         ET0=1;//打开定时器0中断允许
  25   1         EA=1;//打开总中断
  26   1         TR0=1;//打开定时器       
  27   1      }
  28          
  29          
  30          
  31          void timer0()interrupt 1 using 2 
  32          { 
  33   1      TH0=0XFC;   //给定时器赋初值，定时1ms
  34   1      TL0=0X18;
  35   1      time++; 
  36   1      pwm_val_left++; 
  37   1      pwm_val_right++; 
  38   1      pwm_out_left_moto(); 
  39   1      pwm_out_right_moto(); 
  40   1      } 
  41          
  42          void main()
  43             {
  44   1         Timer0Init();  
  45   1         Left_Speed_Ratio=0.5;   //设置左电机车速为最大车速的50%
  46   1         Right_Speed_Ratio=0.5;   //设置右电机车速为最大车速的50%
  47   1         while(1)
  48   1            {
  49   2            obsessive();
  50   2            }
  51   1         }
*** WARNING C316 IN LINE 51 OF main.c: unterminated conditionals


C51 COMPILER V9.60.7.0   MAIN                                                              05/13/2024 20:16:25 PAGE 2   

MODULE INFORMATION:   STATIC OVERLAYABLE
   CODE SIZE        =     91    ----
   CONSTANT SIZE    =   ----    ----
   XDATA SIZE       =   ----    ----
   PDATA SIZE       =   ----    ----
   DATA SIZE        =      2    ----
   IDATA SIZE       =   ----    ----
   BIT SIZE         =   ----    ----
END OF MODULE INFORMATION.


C51 COMPILATION COMPLETE.  1 WARNING(S),  0 ERROR(S)
